# JRE version: OpenJDK Runtime Environment Temurin-21.0.8+9 (21.0.8+9) (build 21.0.8+9-LTS)
# Java VM: OpenJDK 64-Bit Server VM Temurin-21.0.8+9 (21.0.8+9-LTS, mixed mode, sharing, tiered, compressed oops, compressed class ptrs, parallel gc, windows-amd64)
GC Precious Log:
 CardTable entry size: 512
 CPUs: 8 total, 8 available
 Memory: 12121M
 Large Page Support: Disabled
 NUMA Support: Disabled
 Compressed Oops: Enabled (32-bit)
 Alignments: Space 512K, Generation 512K, Heap 2M
 Heap Min Capacity: 100M
 Heap Initial Capacity: 100M
 Heap Max Capacity: 2G
 Pre-touch: Disabled
 Parallel Workers: 8
Heap:
 PSYoungGen      total 5632K, used 4446K [0x00000000d5580000, 0x00000000d5c80000, 0x0000000100000000)
  eden space 5120K, 79% used [0x00000000d5580000,0x00000000d5977840,0x00000000d5a80000)
  from space 512K, 75% used [0x00000000d5c00000,0x00000000d5c60000,0x00000000d5c80000)
  to   space 512K, 0% used [0x00000000d5b80000,0x00000000d5b80000,0x00000000d5c00000)
 ParOldGen       total 514048K, used 512168K [0x0000000080000000, 0x000000009f600000, 0x00000000d5580000)
  object space 514048K, 99% used [0x0000000080000000,0x000000009f42a220,0x000000009f600000)
 Metaspace       used 113004K, committed 114816K, reserved 1179648K
  class space    used 10223K, committed 11072K, reserved 1048576K
GC Heap History (20 events):
Event: 518385.718 GC heap before
{Heap before GC invocations=5472 (full 11):
 PSYoungGen      total 5632K, used 5481K [0x00000000d5580000, 0x00000000d5d00000, 0x0000000100000000)
  eden space 5120K, 100% used [0x00000000d5580000,0x00000000d5a80000,0x00000000d5a80000)
  from space 512K, 70% used [0x00000000d5c80000,0x00000000d5cda400,0x00000000d5d00000)
  to   space 512K, 0% used [0x00000000d5c00000,0x00000000d5c00000,0x00000000d5c80000)
 ParOldGen       total 445952K, used 445556K [0x0000000080000000, 0x000000009b380000, 0x00000000d5580000)
  object space 445952K, 99% used [0x0000000080000000,0x000000009b31d310,0x000000009b380000)
 Metaspace       used 112964K, committed 114752K, reserved 1179648K
  class space    used 10221K, committed 11072K, reserved 1048576K
}
Event: 518385.719 GC heap after
{Heap after GC invocations=5472 (full 11):
 PSYoungGen      total 5632K, used 352K [0x00000000d5580000, 0x00000000d5d00000, 0x0000000100000000)
  eden space 5120K, 0% used [0x00000000d5580000,0x00000000d5580000,0x00000000d5a80000)
  from space 512K, 68% used [0x00000000d5c00000,0x00000000d5c58000,0x00000000d5c80000)
  to   space 512K, 0% used [0x00000000d5c80000,0x00000000d5c80000,0x00000000d5d00000)
 ParOldGen       total 445952K, used 445733K [0x0000000080000000, 0x000000009b380000, 0x00000000d5580000)
  object space 445952K, 99% used [0x0000000080000000,0x000000009b349710,0x000000009b380000)
 Metaspace       used 112964K, committed 114752K, reserved 1179648K
  class space    used 10221K, committed 11072K, reserved 1048576K
}
Event: 518385.730 GC heap before
{Heap before GC invocations=5473 (full 11):
 PSYoungGen      total 5632K, used 5472K [0x00000000d5580000, 0x00000000d5d00000, 0x0000000100000000)
  eden space 5120K, 100% used [0x00000000d5580000,0x00000000d5a80000,0x00000000d5a80000)
  from space 512K, 68% used [0x00000000d5c00000,0x00000000d5c58000,0x00000000d5c80000)
  to   space 512K, 0% used [0x00000000d5c80000,0x00000000d5c80000,0x00000000d5d00000)
 ParOldGen       total 445952K, used 445733K [0x0000000080000000, 0x000000009b380000, 0x00000000d5580000)
  object space 445952K, 99% used [0x0000000080000000,0x000000009b349710,0x000000009b380000)
 Metaspace       used 112965K, committed 114752K, reserved 1179648K
  class space    used 10221K, committed 11072K, reserved 1048576K
}
Event: 518385.731 GC heap after
{Heap after GC invocations=5473 (full 11):
 PSYoungGen      total 5632K, used 361K [0x00000000d5580000, 0x00000000d5d00000, 0x0000000100000000)
  eden space 5120K, 0% used [0x00000000d5580000,0x00000000d5580000,0x00000000d5a80000)
  from space 512K, 70% used [0x00000000d5c80000,0x00000000d5cda400,0x00000000d5d00000)
  to   space 512K, 0% used [0x00000000d5c00000,0x00000000d5c00000,0x00000000d5c80000)
 ParOldGen       total 446464K, used 446013K [0x0000000080000000, 0x000000009b400000, 0x00000000d5580000)
  object space 446464K, 99% used [0x0000000080000000,0x000000009b38f710,0x000000009b400000)
 Metaspace       used 112965K, committed 114752K, reserved 1179648K
  class space    used 10221K, committed 11072K, reserved 1048576K
}
Event: 518385.749 GC heap before
{Heap before GC invocations=5474 (full 11):
 PSYoungGen      total 5632K, used 5481K [0x00000000d5580000, 0x00000000d5d00000, 0x0000000100000000)
  eden space 5120K, 100% used [0x00000000d5580000,0x00000000d5a80000,0x00000000d5a80000)
  from space 512K, 70% used [0x00000000d5c80000,0x00000000d5cda400,0x00000000d5d00000)
  to   space 512K, 0% used [0x00000000d5c00000,0x00000000d5c00000,0x00000000d5c80000)
 ParOldGen       total 446464K, used 446013K [0x0000000080000000, 0x000000009b400000, 0x00000000d5580000)
  object space 446464K, 99% used [0x0000000080000000,0x000000009b38f710,0x000000009b400000)
 Metaspace       used 112966K, committed 114752K, reserved 1179648K
  class space    used 10221K, committed 11072K, reserved 1048576K
}
Event: 518385.750 GC heap after
{Heap after GC invocations=5474 (full 11):
 PSYoungGen      total 5632K, used 329K [0x00000000d5580000, 0x00000000d5d00000, 0x0000000100000000)
  eden space 5120K, 0% used [0x00000000d5580000,0x00000000d5580000,0x00000000d5a80000)
  from space 512K, 64% used [0x00000000d5c00000,0x00000000d5c52400,0x00000000d5c80000)
  to   space 512K, 0% used [0x00000000d5c80000,0x00000000d5c80000,0x00000000d5d00000)
 ParOldGen       total 446464K, used 446093K [0x0000000080000000, 0x000000009b400000, 0x00000000d5580000)
  object space 446464K, 99% used [0x0000000080000000,0x000000009b3a3710,0x000000009b400000)
 Metaspace       used 112966K, committed 114752K, reserved 1179648K
  class space    used 10221K, committed 11072K, reserved 1048576K
}
Event: 518385.759 GC heap before
{Heap before GC invocations=5475 (full 11):
 PSYoungGen      total 5632K, used 5432K [0x00000000d5580000, 0x00000000d5d00000, 0x0000000100000000)
  eden space 5120K, 99% used [0x00000000d5580000,0x00000000d5a7bff0,0x00000000d5a80000)
  from space 512K, 64% used [0x00000000d5c00000,0x00000000d5c52400,0x00000000d5c80000)
  to   space 512K, 0% used [0x00000000d5c80000,0x00000000d5c80000,0x00000000d5d00000)
 ParOldGen       total 446464K, used 446093K [0x0000000080000000, 0x000000009b400000, 0x00000000d5580000)
  object space 446464K, 99% used [0x0000000080000000,0x000000009b3a3710,0x000000009b400000)
 Metaspace       used 112966K, committed 114752K, reserved 1179648K
  class space    used 10221K, committed 11072K, reserved 1048576K
}
Event: 518385.762 GC heap after
{Heap after GC invocations=5475 (full 11):
 PSYoungGen      total 5632K, used 224K [0x00000000d5580000, 0x00000000d5d00000, 0x0000000100000000)
  eden space 5120K, 0% used [0x00000000d5580000,0x00000000d5580000,0x00000000d5a80000)
  from space 512K, 43% used [0x00000000d5c80000,0x00000000d5cb8000,0x00000000d5d00000)
  to   space 512K, 0% used [0x00000000d5c00000,0x00000000d5c00000,0x00000000d5c80000)
 ParOldGen       total 450560K, used 449363K [0x0000000080000000, 0x000000009b800000, 0x00000000d5580000)
  object space 450560K, 99% used [0x0000000080000000,0x000000009b6d4da0,0x000000009b800000)
 Metaspace       used 112966K, committed 114752K, reserved 1179648K
  class space    used 10221K, committed 11072K, reserved 1048576K
}
Event: 518385.768 GC heap before
{Heap before GC invocations=5476 (full 11):
 PSYoungGen      total 5632K, used 5004K [0x00000000d5580000, 0x00000000d5d00000, 0x0000000100000000)
  eden space 5120K, 93% used [0x00000000d5580000,0x00000000d5a2b198,0x00000000d5a80000)
  from space 512K, 43% used [0x00000000d5c80000,0x00000000d5cb8000,0x00000000d5d00000)
  to   space 512K, 0% used [0x00000000d5c00000,0x00000000d5c00000,0x00000000d5c80000)
 ParOldGen       total 450560K, used 449363K [0x0000000080000000, 0x000000009b800000, 0x00000000d5580000)
  object space 450560K, 99% used [0x0000000080000000,0x000000009b6d4da0,0x000000009b800000)
 Metaspace       used 112966K, committed 114752K, reserved 1179648K
  class space    used 10221K, committed 11072K, reserved 1048576K
}
Event: 518385.769 GC heap after
{Heap after GC invocations=5476 (full 11):
 PSYoungGen      total 5632K, used 128K [0x00000000d5580000, 0x00000000d5d00000, 0x0000000100000000)
  eden space 5120K, 0% used [0x00000000d5580000,0x00000000d5580000,0x00000000d5a80000)
  from space 512K, 25% used [0x00000000d5c00000,0x00000000d5c20000,0x00000000d5c80000)
  to   space 512K, 0% used [0x00000000d5c80000,0x00000000d5c80000,0x00000000d5d00000)
 ParOldGen       total 450560K, used 449511K [0x0000000080000000, 0x000000009b800000, 0x00000000d5580000)
  object space 450560K, 99% used [0x0000000080000000,0x000000009b6f9db0,0x000000009b800000)
 Metaspace       used 112966K, committed 114752K, reserved 1179648K
  class space    used 10221K, committed 11072K, reserved 1048576K
}
Event: 518385.775 GC heap before
{Heap before GC invocations=5477 (full 11):
 PSYoungGen      total 5632K, used 5248K [0x00000000d5580000, 0x00000000d5d00000, 0x0000000100000000)
  eden space 5120K, 100% used [0x00000000d5580000,0x00000000d5a80000,0x00000000d5a80000)
  from space 512K, 25% used [0x00000000d5c00000,0x00000000d5c20000,0x00000000d5c80000)
  to   space 512K, 0% used [0x00000000d5c80000,0x00000000d5c80000,0x00000000d5d00000)
 ParOldGen       total 450560K, used 449511K [0x0000000080000000, 0x000000009b800000, 0x00000000d5580000)
  object space 450560K, 99% used [0x0000000080000000,0x000000009b6f9db0,0x000000009b800000)
 Metaspace       used 112966K, committed 114752K, reserved 1179648K
  class space    used 10221K, committed 11072K, reserved 1048576K
}
Event: 518385.776 GC heap after
{Heap after GC invocations=5477 (full 11):
 PSYoungGen      total 5632K, used 288K [0x00000000d5580000, 0x00000000d5d00000, 0x0000000100000000)
  eden space 5120K, 0% used [0x00000000d5580000,0x00000000d5580000,0x00000000d5a80000)
  from space 512K, 56% used [0x00000000d5c80000,0x00000000d5cc8000,0x00000000d5d00000)
  to   space 512K, 0% used [0x00000000d5c00000,0x00000000d5c00000,0x00000000d5c80000)
 ParOldGen       total 450560K, used 449535K [0x0000000080000000, 0x000000009b800000, 0x00000000d5580000)
  object space 450560K, 99% used [0x0000000080000000,0x000000009b6ffdb0,0x000000009b800000)
 Metaspace       used 112966K, committed 114752K, reserved 1179648K
  class space    used 10221K, committed 11072K, reserved 1048576K
}
Event: 518385.782 GC heap before
{Heap before GC invocations=5478 (full 11):
 PSYoungGen      total 5632K, used 5408K [0x00000000d5580000, 0x00000000d5d00000, 0x0000000100000000)
  eden space 5120K, 100% used [0x00000000d5580000,0x00000000d5a80000,0x00000000d5a80000)
  from space 512K, 56% used [0x00000000d5c80000,0x00000000d5cc8000,0x00000000d5d00000)
  to   space 512K, 0% used [0x00000000d5c00000,0x00000000d5c00000,0x00000000d5c80000)
 ParOldGen       total 450560K, used 449535K [0x0000000080000000, 0x000000009b800000, 0x00000000d5580000)
  object space 450560K, 99% used [0x0000000080000000,0x000000009b6ffdb0,0x000000009b800000)
 Metaspace       used 112966K, committed 114752K, reserved 1179648K
  class space    used 10221K, committed 11072K, reserved 1048576K
}
Event: 518385.783 GC heap after
{Heap after GC invocations=5478 (full 11):
 PSYoungGen      total 5632K, used 480K [0x00000000d5580000, 0x00000000d5d00000, 0x0000000100000000)
  eden space 5120K, 0% used [0x00000000d5580000,0x00000000d5580000,0x00000000d5a80000)
  from space 512K, 93% used [0x00000000d5c00000,0x00000000d5c78000,0x00000000d5c80000)
  to   space 512K, 0% used [0x00000000d5c80000,0x00000000d5c80000,0x00000000d5d00000)
 ParOldGen       total 450560K, used 449647K [0x0000000080000000, 0x000000009b800000, 0x00000000d5580000)
  object space 450560K, 99% used [0x0000000080000000,0x000000009b71bdb0,0x000000009b800000)
 Metaspace       used 112966K, committed 114752K, reserved 1179648K
  class space    used 10221K, committed 11072K, reserved 1048576K
}
Event: 518385.791 GC heap before
{Heap before GC invocations=5479 (full 11):
 PSYoungGen      total 5632K, used 5600K [0x00000000d5580000, 0x00000000d5d00000, 0x0000000100000000)
  eden space 5120K, 100% used [0x00000000d5580000,0x00000000d5a80000,0x00000000d5a80000)
  from space 512K, 93% used [0x00000000d5c00000,0x00000000d5c78000,0x00000000d5c80000)
  to   space 512K, 0% used [0x00000000d5c80000,0x00000000d5c80000,0x00000000d5d00000)
 ParOldGen       total 450560K, used 449647K [0x0000000080000000, 0x000000009b800000, 0x00000000d5580000)
  object space 450560K, 99% used [0x0000000080000000,0x000000009b71bdb0,0x000000009b800000)
 Metaspace       used 112971K, committed 114816K, reserved 1179648K
  class space    used 10221K, committed 11072K, reserved 1048576K
}
Event: 518385.792 GC heap after
{Heap after GC invocations=5479 (full 11):
 PSYoungGen      total 5632K, used 489K [0x00000000d5580000, 0x00000000d5d00000, 0x0000000100000000)
  eden space 5120K, 0% used [0x00000000d5580000,0x00000000d5580000,0x00000000d5a80000)
  from space 512K, 95% used [0x00000000d5c80000,0x00000000d5cfa400,0x00000000d5d00000)
  to   space 1024K, 0% used [0x00000000d5b00000,0x00000000d5b00000,0x00000000d5c00000)
 ParOldGen       total 450560K, used 450047K [0x0000000080000000, 0x000000009b800000, 0x00000000d5580000)
  object space 450560K, 99% used [0x0000000080000000,0x000000009b77fdb0,0x000000009b800000)
 Metaspace       used 112971K, committed 114816K, reserved 1179648K
  class space    used 10221K, committed 11072K, reserved 1048576K
}
Event: 518396.266 GC heap before
{Heap before GC invocations=5480 (full 11):
 PSYoungGen      total 5632K, used 5609K [0x00000000d5580000, 0x00000000d5d00000, 0x0000000100000000)
  eden space 5120K, 100% used [0x00000000d5580000,0x00000000d5a80000,0x00000000d5a80000)
  from space 512K, 95% used [0x00000000d5c80000,0x00000000d5cfa400,0x00000000d5d00000)
  to   space 1024K, 0% used [0x00000000d5b00000,0x00000000d5b00000,0x00000000d5c00000)
 ParOldGen       total 450560K, used 450047K [0x0000000080000000, 0x000000009b800000, 0x00000000d5580000)
  object space 450560K, 99% used [0x0000000080000000,0x000000009b77fdb0,0x000000009b800000)
 Metaspace       used 112974K, committed 114816K, reserved 1179648K
  class space    used 10221K, committed 11072K, reserved 1048576K
}
Event: 518396.268 GC heap after
{Heap after GC invocations=5480 (full 11):
 PSYoungGen      total 6144K, used 544K [0x00000000d5580000, 0x00000000d5d00000, 0x0000000100000000)
  eden space 5120K, 0% used [0x00000000d5580000,0x00000000d5580000,0x00000000d5a80000)
  from space 1024K, 53% used [0x00000000d5b00000,0x00000000d5b88000,0x00000000d5c00000)
  to   space 1024K, 0% used [0x00000000d5c00000,0x00000000d5c00000,0x00000000d5d00000)
 ParOldGen       total 450560K, used 450536K [0x0000000080000000, 0x000000009b800000, 0x00000000d5580000)
  object space 450560K, 99% used [0x0000000080000000,0x000000009b7fa1b0,0x000000009b800000)
 Metaspace       used 112974K, committed 114816K, reserved 1179648K
  class space    used 10221K, committed 11072K, reserved 1048576K
}
Event: 518397.927 GC heap before
{Heap before GC invocations=5481 (full 11):
 PSYoungGen      total 6144K, used 5664K [0x00000000d5580000, 0x00000000d5d00000, 0x0000000100000000)
  eden space 5120K, 100% used [0x00000000d5580000,0x00000000d5a80000,0x00000000d5a80000)
  from space 1024K, 53% used [0x00000000d5b00000,0x00000000d5b88000,0x00000000d5c00000)
  to   space 1024K, 0% used [0x00000000d5c00000,0x00000000d5c00000,0x00000000d5d00000)
 ParOldGen       total 514048K, used 511976K [0x0000000080000000, 0x000000009f600000, 0x00000000d5580000)
  object space 514048K, 99% used [0x0000000080000000,0x000000009f3fa210,0x000000009f600000)
 Metaspace       used 113000K, committed 114816K, reserved 1179648K
  class space    used 10223K, committed 11072K, reserved 1048576K
}
Event: 518397.929 GC heap after
{Heap after GC invocations=5481 (full 11):
 PSYoungGen      total 5632K, used 384K [0x00000000d5580000, 0x00000000d5c80000, 0x0000000100000000)
  eden space 5120K, 0% used [0x00000000d5580000,0x00000000d5580000,0x00000000d5a80000)
  from space 512K, 75% used [0x00000000d5c00000,0x00000000d5c60000,0x00000000d5c80000)
  to   space 512K, 0% used [0x00000000d5b80000,0x00000000d5b80000,0x00000000d5c00000)
 ParOldGen       total 514048K, used 512168K [0x0000000080000000, 0x000000009f600000, 0x00000000d5580000)
  object space 514048K, 99% used [0x0000000080000000,0x000000009f42a220,0x000000009f600000)
 Metaspace       used 113000K, committed 114816K, reserved 1179648K
  class space    used 10223K, committed 11072K, reserved 1048576K
}

