# JRE version: OpenJDK Runtime Environment Temurin-21.0.8+9 (21.0.8+9) (build 21.0.8+9-LTS)
# Java VM: OpenJDK 64-Bit Server VM Temurin-21.0.8+9 (21.0.8+9-LTS, mixed mode, sharing, tiered, compressed oops, compressed class ptrs, parallel gc, windows-amd64)
GC Precious Log:
 CardTable entry size: 512
 CPUs: 8 total, 8 available
 Memory: 12121M
 Large Page Support: Disabled
 NUMA Support: Disabled
 Compressed Oops: Enabled (32-bit)
 Alignments: Space 512K, Generation 512K, Heap 2M
 Heap Min Capacity: 100M
 Heap Initial Capacity: 100M
 Heap Max Capacity: 2G
 Pre-touch: Disabled
 Parallel Workers: 8
Heap:
 PSYoungGen      total 24576K, used 9278K [0x00000000d5580000, 0x00000000d7200000, 0x0000000100000000)
  eden space 22016K, 42% used [0x00000000d5580000,0x00000000d5e8fa58,0x00000000d6b00000)
  from space 2560K, 0% used [0x00000000d6d80000,0x00000000d6d80000,0x00000000d7000000)
  to   space 1024K, 0% used [0x00000000d7100000,0x00000000d7100000,0x00000000d7200000)
 ParOldGen       total 68608K, used 17351K [0x0000000080000000, 0x0000000084300000, 0x00000000d5580000)
  object space 68608K, 25% used [0x0000000080000000,0x00000000810f1eb8,0x0000000084300000)
 Metaspace       used 36488K, committed 37504K, reserved 1114112K
  class space    used 3429K, committed 3904K, reserved 1048576K
GC Heap History (20 events):
Event: 6.226 GC heap before
{Heap before GC invocations=6 (full 0):
 PSYoungGen      total 29184K, used 29154K [0x00000000d5580000, 0x00000000d7900000, 0x0000000100000000)
  eden space 25088K, 100% used [0x00000000d5580000,0x00000000d6e00000,0x00000000d6e00000)
  from space 4096K, 99% used [0x00000000d6e80000,0x00000000d7278a00,0x00000000d7280000)
  to   space 5632K, 0% used [0x00000000d7380000,0x00000000d7380000,0x00000000d7900000)
 ParOldGen       total 68608K, used 7951K [0x0000000080000000, 0x0000000084300000, 0x00000000d5580000)
  object space 68608K, 11% used [0x0000000080000000,0x00000000807c3fc8,0x0000000084300000)
 Metaspace       used 20600K, committed 21376K, reserved 1114112K
  class space    used 1955K, committed 2304K, reserved 1048576K
}
Event: 6.230 GC heap after
{Heap after GC invocations=6 (full 0):
 PSYoungGen      total 30208K, used 5442K [0x00000000d5580000, 0x00000000d7900000, 0x0000000100000000)
  eden space 24576K, 0% used [0x00000000d5580000,0x00000000d5580000,0x00000000d6d80000)
  from space 5632K, 96% used [0x00000000d7380000,0x00000000d78d0920,0x00000000d7900000)
  to   space 5632K, 0% used [0x00000000d6e00000,0x00000000d6e00000,0x00000000d7380000)
 ParOldGen       total 68608K, used 7959K [0x0000000080000000, 0x0000000084300000, 0x00000000d5580000)
  object space 68608K, 11% used [0x0000000080000000,0x00000000807c5fc8,0x0000000084300000)
 Metaspace       used 20600K, committed 21376K, reserved 1114112K
  class space    used 1955K, committed 2304K, reserved 1048576K
}
Event: 6.262 GC heap before
{Heap before GC invocations=7 (full 0):
 PSYoungGen      total 30208K, used 8175K [0x00000000d5580000, 0x00000000d7900000, 0x0000000100000000)
  eden space 24576K, 11% used [0x00000000d5580000,0x00000000d582b468,0x00000000d6d80000)
  from space 5632K, 96% used [0x00000000d7380000,0x00000000d78d0920,0x00000000d7900000)
  to   space 5632K, 0% used [0x00000000d6e00000,0x00000000d6e00000,0x00000000d7380000)
 ParOldGen       total 68608K, used 7959K [0x0000000080000000, 0x0000000084300000, 0x00000000d5580000)
  object space 68608K, 11% used [0x0000000080000000,0x00000000807c5fc8,0x0000000084300000)
 Metaspace       used 20809K, committed 21504K, reserved 1114112K
  class space    used 1977K, committed 2304K, reserved 1048576K
}
Event: 6.265 GC heap after
{Heap after GC invocations=7 (full 0):
 PSYoungGen      total 29184K, used 4169K [0x00000000d5580000, 0x00000000d7780000, 0x0000000100000000)
  eden space 24576K, 0% used [0x00000000d5580000,0x00000000d5580000,0x00000000d6d80000)
  from space 4608K, 90% used [0x00000000d6e00000,0x00000000d7212478,0x00000000d7280000)
  to   space 5120K, 0% used [0x00000000d7280000,0x00000000d7280000,0x00000000d7780000)
 ParOldGen       total 68608K, used 9273K [0x0000000080000000, 0x0000000084300000, 0x00000000d5580000)
  object space 68608K, 13% used [0x0000000080000000,0x000000008090e7e8,0x0000000084300000)
 Metaspace       used 20809K, committed 21504K, reserved 1114112K
  class space    used 1977K, committed 2304K, reserved 1048576K
}
Event: 6.265 GC heap before
{Heap before GC invocations=8 (full 1):
 PSYoungGen      total 29184K, used 4169K [0x00000000d5580000, 0x00000000d7780000, 0x0000000100000000)
  eden space 24576K, 0% used [0x00000000d5580000,0x00000000d5580000,0x00000000d6d80000)
  from space 4608K, 90% used [0x00000000d6e00000,0x00000000d7212478,0x00000000d7280000)
  to   space 5120K, 0% used [0x00000000d7280000,0x00000000d7280000,0x00000000d7780000)
 ParOldGen       total 68608K, used 9273K [0x0000000080000000, 0x0000000084300000, 0x00000000d5580000)
  object space 68608K, 13% used [0x0000000080000000,0x000000008090e7e8,0x0000000084300000)
 Metaspace       used 20809K, committed 21504K, reserved 1114112K
  class space    used 1977K, committed 2304K, reserved 1048576K
}
Event: 6.292 GC heap after
{Heap after GC invocations=8 (full 1):
 PSYoungGen      total 29184K, used 0K [0x00000000d5580000, 0x00000000d7780000, 0x0000000100000000)
  eden space 24576K, 0% used [0x00000000d5580000,0x00000000d5580000,0x00000000d6d80000)
  from space 4608K, 0% used [0x00000000d6e00000,0x00000000d6e00000,0x00000000d7280000)
  to   space 5120K, 0% used [0x00000000d7280000,0x00000000d7280000,0x00000000d7780000)
 ParOldGen       total 68608K, used 12755K [0x0000000080000000, 0x0000000084300000, 0x00000000d5580000)
  object space 68608K, 18% used [0x0000000080000000,0x0000000080c74c88,0x0000000084300000)
 Metaspace       used 20794K, committed 21504K, reserved 1114112K
  class space    used 1973K, committed 2304K, reserved 1048576K
}
Event: 7.368 GC heap before
{Heap before GC invocations=9 (full 1):
 PSYoungGen      total 29184K, used 24576K [0x00000000d5580000, 0x00000000d7780000, 0x0000000100000000)
  eden space 24576K, 100% used [0x00000000d5580000,0x00000000d6d80000,0x00000000d6d80000)
  from space 4608K, 0% used [0x00000000d6e00000,0x00000000d6e00000,0x00000000d7280000)
  to   space 5120K, 0% used [0x00000000d7280000,0x00000000d7280000,0x00000000d7780000)
 ParOldGen       total 68608K, used 12755K [0x0000000080000000, 0x0000000084300000, 0x00000000d5580000)
  object space 68608K, 18% used [0x0000000080000000,0x0000000080c74c88,0x0000000084300000)
 Metaspace       used 23656K, committed 24640K, reserved 1114112K
  class space    used 2295K, committed 2752K, reserved 1048576K
}
Event: 7.371 GC heap after
{Heap after GC invocations=9 (full 1):
 PSYoungGen      total 26624K, used 2179K [0x00000000d5580000, 0x00000000d7500000, 0x0000000100000000)
  eden space 24064K, 0% used [0x00000000d5580000,0x00000000d5580000,0x00000000d6d00000)
  from space 2560K, 85% used [0x00000000d7280000,0x00000000d74a0e08,0x00000000d7500000)
  to   space 3072K, 0% used [0x00000000d6f00000,0x00000000d6f00000,0x00000000d7200000)
 ParOldGen       total 68608K, used 12763K [0x0000000080000000, 0x0000000084300000, 0x00000000d5580000)
  object space 68608K, 18% used [0x0000000080000000,0x0000000080c76c88,0x0000000084300000)
 Metaspace       used 23656K, committed 24640K, reserved 1114112K
  class space    used 2295K, committed 2752K, reserved 1048576K
}
Event: 7.729 GC heap before
{Heap before GC invocations=10 (full 1):
 PSYoungGen      total 26624K, used 26181K [0x00000000d5580000, 0x00000000d7500000, 0x0000000100000000)
  eden space 24064K, 99% used [0x00000000d5580000,0x00000000d6cf0800,0x00000000d6d00000)
  from space 2560K, 85% used [0x00000000d7280000,0x00000000d74a0e08,0x00000000d7500000)
  to   space 3072K, 0% used [0x00000000d6f00000,0x00000000d6f00000,0x00000000d7200000)
 ParOldGen       total 68608K, used 12763K [0x0000000080000000, 0x0000000084300000, 0x00000000d5580000)
  object space 68608K, 18% used [0x0000000080000000,0x0000000080c76c88,0x0000000084300000)
 Metaspace       used 26160K, committed 27136K, reserved 1114112K
  class space    used 2446K, committed 2880K, reserved 1048576K
}
Event: 7.731 GC heap after
{Heap after GC invocations=10 (full 1):
 PSYoungGen      total 26624K, used 2573K [0x00000000d5580000, 0x00000000d7300000, 0x0000000100000000)
  eden space 23552K, 0% used [0x00000000d5580000,0x00000000d5580000,0x00000000d6c80000)
  from space 3072K, 83% used [0x00000000d6f00000,0x00000000d7183548,0x00000000d7200000)
  to   space 1024K, 0% used [0x00000000d7200000,0x00000000d7200000,0x00000000d7300000)
 ParOldGen       total 68608K, used 12771K [0x0000000080000000, 0x0000000084300000, 0x00000000d5580000)
  object space 68608K, 18% used [0x0000000080000000,0x0000000080c78c88,0x0000000084300000)
 Metaspace       used 26160K, committed 27136K, reserved 1114112K
  class space    used 2446K, committed 2880K, reserved 1048576K
}
Event: 8.280 GC heap before
{Heap before GC invocations=11 (full 1):
 PSYoungGen      total 26624K, used 26125K [0x00000000d5580000, 0x00000000d7300000, 0x0000000100000000)
  eden space 23552K, 100% used [0x00000000d5580000,0x00000000d6c80000,0x00000000d6c80000)
  from space 3072K, 83% used [0x00000000d6f00000,0x00000000d7183548,0x00000000d7200000)
  to   space 1024K, 0% used [0x00000000d7200000,0x00000000d7200000,0x00000000d7300000)
 ParOldGen       total 68608K, used 12771K [0x0000000080000000, 0x0000000084300000, 0x00000000d5580000)
  object space 68608K, 18% used [0x0000000080000000,0x0000000080c78c88,0x0000000084300000)
 Metaspace       used 29671K, committed 30656K, reserved 1114112K
  class space    used 2701K, committed 3136K, reserved 1048576K
}
Event: 8.283 GC heap after
{Heap after GC invocations=11 (full 1):
 PSYoungGen      total 24064K, used 750K [0x00000000d5580000, 0x00000000d7300000, 0x0000000100000000)
  eden space 23040K, 0% used [0x00000000d5580000,0x00000000d5580000,0x00000000d6c00000)
  from space 1024K, 73% used [0x00000000d7200000,0x00000000d72bb890,0x00000000d7300000)
  to   space 1536K, 0% used [0x00000000d7000000,0x00000000d7000000,0x00000000d7180000)
 ParOldGen       total 68608K, used 16359K [0x0000000080000000, 0x0000000084300000, 0x00000000d5580000)
  object space 68608K, 23% used [0x0000000080000000,0x0000000080ff9da8,0x0000000084300000)
 Metaspace       used 29671K, committed 30656K, reserved 1114112K
  class space    used 2701K, committed 3136K, reserved 1048576K
}
Event: 8.593 GC heap before
{Heap before GC invocations=12 (full 1):
 PSYoungGen      total 24064K, used 23790K [0x00000000d5580000, 0x00000000d7300000, 0x0000000100000000)
  eden space 23040K, 100% used [0x00000000d5580000,0x00000000d6c00000,0x00000000d6c00000)
  from space 1024K, 73% used [0x00000000d7200000,0x00000000d72bb890,0x00000000d7300000)
  to   space 1536K, 0% used [0x00000000d7000000,0x00000000d7000000,0x00000000d7180000)
 ParOldGen       total 68608K, used 16359K [0x0000000080000000, 0x0000000084300000, 0x00000000d5580000)
  object space 68608K, 23% used [0x0000000080000000,0x0000000080ff9da8,0x0000000084300000)
 Metaspace       used 31092K, committed 32000K, reserved 1114112K
  class space    used 2847K, committed 3264K, reserved 1048576K
}
Event: 8.596 GC heap after
{Heap after GC invocations=12 (full 1):
 PSYoungGen      total 24064K, used 859K [0x00000000d5580000, 0x00000000d7280000, 0x0000000100000000)
  eden space 22528K, 0% used [0x00000000d5580000,0x00000000d5580000,0x00000000d6b80000)
  from space 1536K, 55% used [0x00000000d7000000,0x00000000d70d6d50,0x00000000d7180000)
  to   space 1024K, 0% used [0x00000000d7180000,0x00000000d7180000,0x00000000d7280000)
 ParOldGen       total 68608K, used 16921K [0x0000000080000000, 0x0000000084300000, 0x00000000d5580000)
  object space 68608K, 24% used [0x0000000080000000,0x0000000081086668,0x0000000084300000)
 Metaspace       used 31092K, committed 32000K, reserved 1114112K
  class space    used 2847K, committed 3264K, reserved 1048576K
}
Event: 9.004 GC heap before
{Heap before GC invocations=13 (full 1):
 PSYoungGen      total 24064K, used 23377K [0x00000000d5580000, 0x00000000d7280000, 0x0000000100000000)
  eden space 22528K, 99% used [0x00000000d5580000,0x00000000d6b7da38,0x00000000d6b80000)
  from space 1536K, 55% used [0x00000000d7000000,0x00000000d70d6d50,0x00000000d7180000)
  to   space 1024K, 0% used [0x00000000d7180000,0x00000000d7180000,0x00000000d7280000)
 ParOldGen       total 68608K, used 16921K [0x0000000080000000, 0x0000000084300000, 0x00000000d5580000)
  object space 68608K, 24% used [0x0000000080000000,0x0000000081086668,0x0000000084300000)
 Metaspace       used 34695K, committed 35584K, reserved 1114112K
  class space    used 3221K, committed 3648K, reserved 1048576K
}
Event: 9.006 GC heap after
{Heap after GC invocations=13 (full 1):
 PSYoungGen      total 23040K, used 1003K [0x00000000d5580000, 0x00000000d7280000, 0x0000000100000000)
  eden space 22016K, 0% used [0x00000000d5580000,0x00000000d5580000,0x00000000d6b00000)
  from space 1024K, 97% used [0x00000000d7180000,0x00000000d727ace8,0x00000000d7280000)
  to   space 2560K, 0% used [0x00000000d6d80000,0x00000000d6d80000,0x00000000d7000000)
 ParOldGen       total 68608K, used 17921K [0x0000000080000000, 0x0000000084300000, 0x00000000d5580000)
  object space 68608K, 26% used [0x0000000080000000,0x00000000811804d8,0x0000000084300000)
 Metaspace       used 34695K, committed 35584K, reserved 1114112K
  class space    used 3221K, committed 3648K, reserved 1048576K
}
Event: 9.054 GC heap before
{Heap before GC invocations=14 (full 1):
 PSYoungGen      total 23040K, used 3001K [0x00000000d5580000, 0x00000000d7280000, 0x0000000100000000)
  eden space 22016K, 9% used [0x00000000d5580000,0x00000000d5773930,0x00000000d6b00000)
  from space 1024K, 97% used [0x00000000d7180000,0x00000000d727ace8,0x00000000d7280000)
  to   space 2560K, 0% used [0x00000000d6d80000,0x00000000d6d80000,0x00000000d7000000)
 ParOldGen       total 68608K, used 17921K [0x0000000080000000, 0x0000000084300000, 0x00000000d5580000)
  object space 68608K, 26% used [0x0000000080000000,0x00000000811804d8,0x0000000084300000)
 Metaspace       used 35004K, committed 35840K, reserved 1114112K
  class space    used 3247K, committed 3648K, reserved 1048576K
}
Event: 9.056 GC heap after
{Heap after GC invocations=14 (full 1):
 PSYoungGen      total 24576K, used 385K [0x00000000d5580000, 0x00000000d7200000, 0x0000000100000000)
  eden space 22016K, 0% used [0x00000000d5580000,0x00000000d5580000,0x00000000d6b00000)
  from space 2560K, 15% used [0x00000000d6d80000,0x00000000d6de05b0,0x00000000d7000000)
  to   space 1024K, 0% used [0x00000000d7100000,0x00000000d7100000,0x00000000d7200000)
 ParOldGen       total 68608K, used 18868K [0x0000000080000000, 0x0000000084300000, 0x00000000d5580000)
  object space 68608K, 27% used [0x0000000080000000,0x000000008126d2f8,0x0000000084300000)
 Metaspace       used 35004K, committed 35840K, reserved 1114112K
  class space    used 3247K, committed 3648K, reserved 1048576K
}
Event: 9.056 GC heap before
{Heap before GC invocations=15 (full 2):
 PSYoungGen      total 24576K, used 385K [0x00000000d5580000, 0x00000000d7200000, 0x0000000100000000)
  eden space 22016K, 0% used [0x00000000d5580000,0x00000000d5580000,0x00000000d6b00000)
  from space 2560K, 15% used [0x00000000d6d80000,0x00000000d6de05b0,0x00000000d7000000)
  to   space 1024K, 0% used [0x00000000d7100000,0x00000000d7100000,0x00000000d7200000)
 ParOldGen       total 68608K, used 18868K [0x0000000080000000, 0x0000000084300000, 0x00000000d5580000)
  object space 68608K, 27% used [0x0000000080000000,0x000000008126d2f8,0x0000000084300000)
 Metaspace       used 35004K, committed 35840K, reserved 1114112K
  class space    used 3247K, committed 3648K, reserved 1048576K
}
Event: 9.093 GC heap after
{Heap after GC invocations=15 (full 2):
 PSYoungGen      total 24576K, used 0K [0x00000000d5580000, 0x00000000d7200000, 0x0000000100000000)
  eden space 22016K, 0% used [0x00000000d5580000,0x00000000d5580000,0x00000000d6b00000)
  from space 2560K, 0% used [0x00000000d6d80000,0x00000000d6d80000,0x00000000d7000000)
  to   space 1024K, 0% used [0x00000000d7100000,0x00000000d7100000,0x00000000d7200000)
 ParOldGen       total 68608K, used 17351K [0x0000000080000000, 0x0000000084300000, 0x00000000d5580000)
  object space 68608K, 25% used [0x0000000080000000,0x00000000810f1eb8,0x0000000084300000)
 Metaspace       used 35004K, committed 35840K, reserved 1114112K
  class space    used 3247K, committed 3648K, reserved 1048576K
}

