# JRE version: OpenJDK Runtime Environment Temurin-21.0.8+9 (21.0.8+9) (build 21.0.8+9-LTS)
# Java VM: OpenJDK 64-Bit Server VM Temurin-21.0.8+9 (21.0.8+9-LTS, mixed mode, sharing, tiered, compressed oops, compressed class ptrs, parallel gc, windows-amd64)
GC Precious Log:
 CardTable entry size: 512
 CPUs: 8 total, 8 available
 Memory: 12121M
 Large Page Support: Disabled
 NUMA Support: Disabled
 Compressed Oops: Enabled (32-bit)
 Alignments: Space 512K, Generation 512K, Heap 2M
 Heap Min Capacity: 100M
 Heap Initial Capacity: 100M
 Heap Max Capacity: 2G
 Pre-touch: Disabled
 Parallel Workers: 8
Heap:
 PSYoungGen      total 9728K, used 7882K [0x00000000d5580000, 0x00000000d6b00000, 0x0000000100000000)
  eden space 6656K, 72% used [0x00000000d5580000,0x00000000d5a32bc8,0x00000000d5c00000)
  from space 3072K, 100% used [0x00000000d5c00000,0x00000000d5f00000,0x00000000d5f00000)
  to   space 7680K, 0% used [0x00000000d6380000,0x00000000d6380000,0x00000000d6b00000)
 ParOldGen       total 143872K, used 143569K [0x0000000080000000, 0x0000000088c80000, 0x00000000d5580000)
  object space 143872K, 99% used [0x0000000080000000,0x0000000088c347f8,0x0000000088c80000)
 Metaspace       used 79283K, committed 80704K, reserved 1179648K
  class space    used 7524K, committed 8192K, reserved 1048576K
GC Heap History (20 events):
Event: 50.044 GC heap before
{Heap before GC invocations=189 (full 3):
 PSYoungGen      total 9216K, used 9207K [0x00000000d5580000, 0x00000000d6080000, 0x0000000100000000)
  eden space 8192K, 100% used [0x00000000d5580000,0x00000000d5d80000,0x00000000d5d80000)
  from space 1024K, 99% used [0x00000000d5e00000,0x00000000d5efde00,0x00000000d5f00000)
  to   space 1536K, 0% used [0x00000000d5f00000,0x00000000d5f00000,0x00000000d6080000)
 ParOldGen       total 132096K, used 131826K [0x0000000080000000, 0x0000000088100000, 0x00000000d5580000)
  object space 132096K, 99% used [0x0000000080000000,0x00000000880bca30,0x0000000088100000)
 Metaspace       used 79049K, committed 80512K, reserved 1179648K
  class space    used 7513K, committed 8192K, reserved 1048576K
}
Event: 50.047 GC heap after
{Heap after GC invocations=189 (full 3):
 PSYoungGen      total 9728K, used 963K [0x00000000d5580000, 0x00000000d6080000, 0x0000000100000000)
  eden space 8192K, 0% used [0x00000000d5580000,0x00000000d5580000,0x00000000d5d80000)
  from space 1536K, 62% used [0x00000000d5f00000,0x00000000d5ff0db0,0x00000000d6080000)
  to   space 1536K, 0% used [0x00000000d5d80000,0x00000000d5d80000,0x00000000d5f00000)
 ParOldGen       total 133120K, used 132846K [0x0000000080000000, 0x0000000088200000, 0x00000000d5580000)
  object space 133120K, 99% used [0x0000000080000000,0x00000000881bb820,0x0000000088200000)
 Metaspace       used 79049K, committed 80512K, reserved 1179648K
  class space    used 7513K, committed 8192K, reserved 1048576K
}
Event: 50.110 GC heap before
{Heap before GC invocations=190 (full 3):
 PSYoungGen      total 9728K, used 9155K [0x00000000d5580000, 0x00000000d6080000, 0x0000000100000000)
  eden space 8192K, 100% used [0x00000000d5580000,0x00000000d5d80000,0x00000000d5d80000)
  from space 1536K, 62% used [0x00000000d5f00000,0x00000000d5ff0db0,0x00000000d6080000)
  to   space 1536K, 0% used [0x00000000d5d80000,0x00000000d5d80000,0x00000000d5f00000)
 ParOldGen       total 133120K, used 132846K [0x0000000080000000, 0x0000000088200000, 0x00000000d5580000)
  object space 133120K, 99% used [0x0000000080000000,0x00000000881bb820,0x0000000088200000)
 Metaspace       used 79100K, committed 80576K, reserved 1179648K
  class space    used 7513K, committed 8192K, reserved 1048576K
}
Event: 50.113 GC heap after
{Heap after GC invocations=190 (full 3):
 PSYoungGen      total 9728K, used 1044K [0x00000000d5580000, 0x00000000d6080000, 0x0000000100000000)
  eden space 8192K, 0% used [0x00000000d5580000,0x00000000d5580000,0x00000000d5d80000)
  from space 1536K, 68% used [0x00000000d5d80000,0x00000000d5e85200,0x00000000d5f00000)
  to   space 1536K, 0% used [0x00000000d5f00000,0x00000000d5f00000,0x00000000d6080000)
 ParOldGen       total 134144K, used 133705K [0x0000000080000000, 0x0000000088300000, 0x00000000d5580000)
  object space 134144K, 99% used [0x0000000080000000,0x0000000088292548,0x0000000088300000)
 Metaspace       used 79100K, committed 80576K, reserved 1179648K
  class space    used 7513K, committed 8192K, reserved 1048576K
}
Event: 50.160 GC heap before
{Heap before GC invocations=191 (full 3):
 PSYoungGen      total 9728K, used 9236K [0x00000000d5580000, 0x00000000d6080000, 0x0000000100000000)
  eden space 8192K, 100% used [0x00000000d5580000,0x00000000d5d80000,0x00000000d5d80000)
  from space 1536K, 68% used [0x00000000d5d80000,0x00000000d5e85200,0x00000000d5f00000)
  to   space 1536K, 0% used [0x00000000d5f00000,0x00000000d5f00000,0x00000000d6080000)
 ParOldGen       total 134144K, used 133705K [0x0000000080000000, 0x0000000088300000, 0x00000000d5580000)
  object space 134144K, 99% used [0x0000000080000000,0x0000000088292548,0x0000000088300000)
 Metaspace       used 79114K, committed 80576K, reserved 1179648K
  class space    used 7513K, committed 8192K, reserved 1048576K
}
Event: 50.162 GC heap after
{Heap after GC invocations=191 (full 3):
 PSYoungGen      total 9216K, used 704K [0x00000000d5580000, 0x00000000d6000000, 0x0000000100000000)
  eden space 8192K, 0% used [0x00000000d5580000,0x00000000d5580000,0x00000000d5d80000)
  from space 1024K, 68% used [0x00000000d5f00000,0x00000000d5fb0000,0x00000000d6000000)
  to   space 1024K, 0% used [0x00000000d5e00000,0x00000000d5e00000,0x00000000d5f00000)
 ParOldGen       total 134656K, used 134642K [0x0000000080000000, 0x0000000088380000, 0x00000000d5580000)
  object space 134656K, 99% used [0x0000000080000000,0x000000008837c8c8,0x0000000088380000)
 Metaspace       used 79114K, committed 80576K, reserved 1179648K
  class space    used 7513K, committed 8192K, reserved 1048576K
}
Event: 50.208 GC heap before
{Heap before GC invocations=192 (full 3):
 PSYoungGen      total 9216K, used 8775K [0x00000000d5580000, 0x00000000d6000000, 0x0000000100000000)
  eden space 8192K, 98% used [0x00000000d5580000,0x00000000d5d61c28,0x00000000d5d80000)
  from space 1024K, 68% used [0x00000000d5f00000,0x00000000d5fb0000,0x00000000d6000000)
  to   space 1024K, 0% used [0x00000000d5e00000,0x00000000d5e00000,0x00000000d5f00000)
 ParOldGen       total 134656K, used 134642K [0x0000000080000000, 0x0000000088380000, 0x00000000d5580000)
  object space 134656K, 99% used [0x0000000080000000,0x000000008837c8c8,0x0000000088380000)
 Metaspace       used 79167K, committed 80576K, reserved 1179648K
  class space    used 7514K, committed 8192K, reserved 1048576K
}
Event: 50.210 GC heap after
{Heap after GC invocations=192 (full 3):
 PSYoungGen      total 9216K, used 964K [0x00000000d5580000, 0x00000000d5f80000, 0x0000000100000000)
  eden space 8192K, 0% used [0x00000000d5580000,0x00000000d5580000,0x00000000d5d80000)
  from space 1024K, 94% used [0x00000000d5e00000,0x00000000d5ef1220,0x00000000d5f00000)
  to   space 512K, 0% used [0x00000000d5f00000,0x00000000d5f00000,0x00000000d5f80000)
 ParOldGen       total 136192K, used 136032K [0x0000000080000000, 0x0000000088500000, 0x00000000d5580000)
  object space 136192K, 99% used [0x0000000080000000,0x00000000884d83f8,0x0000000088500000)
 Metaspace       used 79167K, committed 80576K, reserved 1179648K
  class space    used 7514K, committed 8192K, reserved 1048576K
}
Event: 50.227 GC heap before
{Heap before GC invocations=193 (full 3):
 PSYoungGen      total 9216K, used 9156K [0x00000000d5580000, 0x00000000d5f80000, 0x0000000100000000)
  eden space 8192K, 100% used [0x00000000d5580000,0x00000000d5d80000,0x00000000d5d80000)
  from space 1024K, 94% used [0x00000000d5e00000,0x00000000d5ef1220,0x00000000d5f00000)
  to   space 512K, 0% used [0x00000000d5f00000,0x00000000d5f00000,0x00000000d5f80000)
 ParOldGen       total 136192K, used 136032K [0x0000000080000000, 0x0000000088500000, 0x00000000d5580000)
  object space 136192K, 99% used [0x0000000080000000,0x00000000884d83f8,0x0000000088500000)
 Metaspace       used 79167K, committed 80576K, reserved 1179648K
  class space    used 7514K, committed 8192K, reserved 1048576K
}
Event: 50.229 GC heap after
{Heap after GC invocations=193 (full 3):
 PSYoungGen      total 8704K, used 508K [0x00000000d5580000, 0x00000000d6080000, 0x0000000100000000)
  eden space 8192K, 0% used [0x00000000d5580000,0x00000000d5580000,0x00000000d5d80000)
  from space 512K, 99% used [0x00000000d5f00000,0x00000000d5f7f148,0x00000000d5f80000)
  to   space 1536K, 0% used [0x00000000d5d80000,0x00000000d5d80000,0x00000000d5f00000)
 ParOldGen       total 137216K, used 136833K [0x0000000080000000, 0x0000000088600000, 0x00000000d5580000)
  object space 137216K, 99% used [0x0000000080000000,0x00000000885a04f8,0x0000000088600000)
 Metaspace       used 79167K, committed 80576K, reserved 1179648K
  class space    used 7514K, committed 8192K, reserved 1048576K
}
Event: 50.253 GC heap before
{Heap before GC invocations=194 (full 3):
 PSYoungGen      total 8704K, used 8700K [0x00000000d5580000, 0x00000000d6080000, 0x0000000100000000)
  eden space 8192K, 100% used [0x00000000d5580000,0x00000000d5d80000,0x00000000d5d80000)
  from space 512K, 99% used [0x00000000d5f00000,0x00000000d5f7f148,0x00000000d5f80000)
  to   space 1536K, 0% used [0x00000000d5d80000,0x00000000d5d80000,0x00000000d5f00000)
 ParOldGen       total 137216K, used 136833K [0x0000000080000000, 0x0000000088600000, 0x00000000d5580000)
  object space 137216K, 99% used [0x0000000080000000,0x00000000885a04f8,0x0000000088600000)
 Metaspace       used 79169K, committed 80576K, reserved 1179648K
  class space    used 7514K, committed 8192K, reserved 1048576K
}
Event: 50.255 GC heap after
{Heap after GC invocations=194 (full 3):
 PSYoungGen      total 9728K, used 1030K [0x00000000d5580000, 0x00000000d6080000, 0x0000000100000000)
  eden space 8192K, 0% used [0x00000000d5580000,0x00000000d5580000,0x00000000d5d80000)
  from space 1536K, 67% used [0x00000000d5d80000,0x00000000d5e81bb0,0x00000000d5f00000)
  to   space 1536K, 0% used [0x00000000d5f00000,0x00000000d5f00000,0x00000000d6080000)
 ParOldGen       total 137728K, used 137312K [0x0000000080000000, 0x0000000088680000, 0x00000000d5580000)
  object space 137728K, 99% used [0x0000000080000000,0x0000000088618090,0x0000000088680000)
 Metaspace       used 79169K, committed 80576K, reserved 1179648K
  class space    used 7514K, committed 8192K, reserved 1048576K
}
Event: 50.474 GC heap before
{Heap before GC invocations=195 (full 3):
 PSYoungGen      total 9728K, used 9222K [0x00000000d5580000, 0x00000000d6080000, 0x0000000100000000)
  eden space 8192K, 100% used [0x00000000d5580000,0x00000000d5d80000,0x00000000d5d80000)
  from space 1536K, 67% used [0x00000000d5d80000,0x00000000d5e81bb0,0x00000000d5f00000)
  to   space 1536K, 0% used [0x00000000d5f00000,0x00000000d5f00000,0x00000000d6080000)
 ParOldGen       total 137728K, used 137312K [0x0000000080000000, 0x0000000088680000, 0x00000000d5580000)
  object space 137728K, 99% used [0x0000000080000000,0x0000000088618090,0x0000000088680000)
 Metaspace       used 79193K, committed 80576K, reserved 1179648K
  class space    used 7516K, committed 8192K, reserved 1048576K
}
Event: 50.475 GC heap after
{Heap after GC invocations=195 (full 3):
 PSYoungGen      total 8704K, used 320K [0x00000000d5580000, 0x00000000d5f80000, 0x0000000100000000)
  eden space 8192K, 0% used [0x00000000d5580000,0x00000000d5580000,0x00000000d5d80000)
  from space 512K, 62% used [0x00000000d5f00000,0x00000000d5f50000,0x00000000d5f80000)
  to   space 1024K, 0% used [0x00000000d5d80000,0x00000000d5d80000,0x00000000d5e80000)
 ParOldGen       total 137728K, used 137432K [0x0000000080000000, 0x0000000088680000, 0x00000000d5580000)
  object space 137728K, 99% used [0x0000000080000000,0x0000000088636090,0x0000000088680000)
 Metaspace       used 79193K, committed 80576K, reserved 1179648K
  class space    used 7516K, committed 8192K, reserved 1048576K
}
Event: 50.513 GC heap before
{Heap before GC invocations=196 (full 3):
 PSYoungGen      total 8704K, used 8507K [0x00000000d5580000, 0x00000000d5f80000, 0x0000000100000000)
  eden space 8192K, 99% used [0x00000000d5580000,0x00000000d5d7edf8,0x00000000d5d80000)
  from space 512K, 62% used [0x00000000d5f00000,0x00000000d5f50000,0x00000000d5f80000)
  to   space 1024K, 0% used [0x00000000d5d80000,0x00000000d5d80000,0x00000000d5e80000)
 ParOldGen       total 137728K, used 137432K [0x0000000080000000, 0x0000000088680000, 0x00000000d5580000)
  object space 137728K, 99% used [0x0000000080000000,0x0000000088636090,0x0000000088680000)
 Metaspace       used 79193K, committed 80576K, reserved 1179648K
  class space    used 7516K, committed 8192K, reserved 1048576K
}
Event: 50.514 GC heap after
{Heap after GC invocations=196 (full 3):
 PSYoungGen      total 9216K, used 368K [0x00000000d5580000, 0x00000000d5f80000, 0x0000000100000000)
  eden space 8192K, 0% used [0x00000000d5580000,0x00000000d5580000,0x00000000d5d80000)
  from space 1024K, 36% used [0x00000000d5d80000,0x00000000d5ddc338,0x00000000d5e80000)
  to   space 512K, 0% used [0x00000000d5f00000,0x00000000d5f00000,0x00000000d5f80000)
 ParOldGen       total 137728K, used 137640K [0x0000000080000000, 0x0000000088680000, 0x00000000d5580000)
  object space 137728K, 99% used [0x0000000080000000,0x000000008866a090,0x0000000088680000)
 Metaspace       used 79193K, committed 80576K, reserved 1179648K
  class space    used 7516K, committed 8192K, reserved 1048576K
}
Event: 50.738 GC heap before
{Heap before GC invocations=197 (full 3):
 PSYoungGen      total 9216K, used 8560K [0x00000000d5580000, 0x00000000d5f80000, 0x0000000100000000)
  eden space 8192K, 100% used [0x00000000d5580000,0x00000000d5d80000,0x00000000d5d80000)
  from space 1024K, 36% used [0x00000000d5d80000,0x00000000d5ddc338,0x00000000d5e80000)
  to   space 512K, 0% used [0x00000000d5f00000,0x00000000d5f00000,0x00000000d5f80000)
 ParOldGen       total 137728K, used 137640K [0x0000000080000000, 0x0000000088680000, 0x00000000d5580000)
  object space 137728K, 99% used [0x0000000080000000,0x000000008866a090,0x0000000088680000)
 Metaspace       used 79254K, committed 80640K, reserved 1179648K
  class space    used 7524K, committed 8192K, reserved 1048576K
}
Event: 50.741 GC heap after
{Heap after GC invocations=197 (full 3):
 PSYoungGen      total 7168K, used 489K [0x00000000d5580000, 0x00000000d6380000, 0x0000000100000000)
  eden space 6656K, 0% used [0x00000000d5580000,0x00000000d5580000,0x00000000d5c00000)
  from space 512K, 95% used [0x00000000d5f00000,0x00000000d5f7a430,0x00000000d5f80000)
  to   space 3072K, 0% used [0x00000000d5c00000,0x00000000d5c00000,0x00000000d5f00000)
 ParOldGen       total 140288K, used 139815K [0x0000000080000000, 0x0000000088900000, 0x00000000d5580000)
  object space 140288K, 99% used [0x0000000080000000,0x0000000088889cb8,0x0000000088900000)
 Metaspace       used 79254K, committed 80640K, reserved 1179648K
  class space    used 7524K, committed 8192K, reserved 1048576K
}
Event: 50.763 GC heap before
{Heap before GC invocations=198 (full 3):
 PSYoungGen      total 7168K, used 7145K [0x00000000d5580000, 0x00000000d6380000, 0x0000000100000000)
  eden space 6656K, 100% used [0x00000000d5580000,0x00000000d5c00000,0x00000000d5c00000)
  from space 512K, 95% used [0x00000000d5f00000,0x00000000d5f7a430,0x00000000d5f80000)
  to   space 3072K, 0% used [0x00000000d5c00000,0x00000000d5c00000,0x00000000d5f00000)
 ParOldGen       total 140288K, used 139815K [0x0000000080000000, 0x0000000088900000, 0x00000000d5580000)
  object space 140288K, 99% used [0x0000000080000000,0x0000000088889cb8,0x0000000088900000)
 Metaspace       used 79268K, committed 80704K, reserved 1179648K
  class space    used 7524K, committed 8192K, reserved 1048576K
}
Event: 50.766 GC heap after
{Heap after GC invocations=198 (full 3):
 PSYoungGen      total 9728K, used 3072K [0x00000000d5580000, 0x00000000d6b00000, 0x0000000100000000)
  eden space 6656K, 0% used [0x00000000d5580000,0x00000000d5580000,0x00000000d5c00000)
  from space 3072K, 100% used [0x00000000d5c00000,0x00000000d5f00000,0x00000000d5f00000)
  to   space 7680K, 0% used [0x00000000d6380000,0x00000000d6380000,0x00000000d6b00000)
 ParOldGen       total 143872K, used 143569K [0x0000000080000000, 0x0000000088c80000, 0x00000000d5580000)
  object space 143872K, 99% used [0x0000000080000000,0x0000000088c347f8,0x0000000088c80000)
 Metaspace       used 79268K, committed 80704K, reserved 1179648K
  class space    used 7524K, committed 8192K, reserved 1048576K
}

